<?xml version="1.0" encoding="UTF-8"?>
<!-- Generated by org.testng.reporters.JUnitXMLReporter -->
<testsuite ignored="0" hostname="DESKTOP-7VJPA3V" failures="0" tests="3" name="Default test" time="81.459" errors="0" timestamp="2024-08-30T10:44:27 IST">
  <testcase classname="org.amazon.Assessment" name="loginPage" time="16.738"/>
  <testcase classname="org.amazon.Assessment" name="searchPage" time="13.338"/>
  <testcase classname="org.amazon.Assessment" name="checkoutPage" time="34.506"/>
</testsuite> <!-- Default test -->
